2022-09-13 14:46:40.937 -05:00 [INF] ReadLine overridden with 'Microsoft.PowerShell.EditorServices.Services.PowerShell.Console.PsrlReadLine'
2022-09-13 14:46:42.307 -05:00 [WRN] No ConfigurationItems have been defined, configuration won't surface any configuration from the client!
2022-09-13 14:46:42.374 -05:00 [ERR] Could not resolve Script Analyzer settings path due to null or empty workspaceRootPath.
2022-09-13 14:46:43.236 -05:00 [ERR] Could not resolve relative script path
    baseFilePath = 
        relativePath = PSScriptAnalyzerSettings.psd1

System.ArgumentNullException: Value cannot be null.
Parameter name: path1
   at System.IO.Path.Combine(String path1, String path2)
   at Microsoft.PowerShell.EditorServices.Services.WorkspaceService.ResolveRelativeScriptPath(String baseFilePath, String relativePath)
2022-09-13 14:46:43.237 -05:00 [INF] Unable to find PSSA settings file at 'PSScriptAnalyzerSettings.psd1'. Loading default rules.
2022-09-13 14:46:43.237 -05:00 [INF] PSScriptAnalyzer settings file not found. Falling back to default rules
2022-09-13 14:51:01.989 -05:00 [WRN] textDocument/codeAction skipping diagnostic with empty Code field: PowerShell Array index expression is missing or not valid.
2022-09-13 14:51:19.375 -05:00 [WRN] textDocument/codeAction skipping diagnostic with empty Code field: PowerShell Array index expression is missing or not valid.
2022-09-13 14:51:19.674 -05:00 [WRN] textDocument/codeAction skipping diagnostic with empty Code field: PowerShell Array index expression is missing or not valid.
2022-09-13 14:53:54.557 -05:00 [WRN] textDocument/codeAction skipping diagnostic with empty Code field: PowerShell Missing closing '}' in statement block or type definition.
2022-09-13 14:53:59.554 -05:00 [WRN] textDocument/codeAction skipping diagnostic with empty Code field: PowerShell Missing closing '}' in statement block or type definition.
2022-09-13 14:54:00.967 -05:00 [WRN] textDocument/codeAction skipping diagnostic with empty Code field: PowerShell Missing closing '}' in statement block or type definition.
2022-09-13 14:54:13.136 -05:00 [WRN] textDocument/codeAction skipping diagnostic with empty Code field: PowerShell Unexpected token ')' in expression or statement.
2022-09-13 14:54:13.814 -05:00 [WRN] textDocument/codeAction skipping diagnostic with empty Code field: PowerShell Unexpected token ')' in expression or statement.
2022-09-13 14:54:14.221 -05:00 [WRN] textDocument/codeAction skipping diagnostic with empty Code field: PowerShell Unexpected token ')' in expression or statement.
2022-09-13 14:54:14.807 -05:00 [WRN] textDocument/codeAction skipping diagnostic with empty Code field: PowerShell Missing ')' in function parameter list.
2022-09-13 14:54:14.807 -05:00 [WRN] textDocument/codeAction skipping diagnostic with empty Code field: PowerShell Unexpected token ')' in expression or statement.
2022-09-13 14:59:31.000 -05:00 [WRN] textDocument/codeAction skipping diagnostic with empty Code field: PowerShell Missing condition in if statement after 'if ('.
2022-09-13 14:59:31.000 -05:00 [WRN] textDocument/codeAction skipping diagnostic with empty Code field: PowerShell Missing statement block after if ( condition ).
2022-09-13 14:59:38.976 -05:00 [WRN] textDocument/codeAction skipping diagnostic with empty Code field: PowerShell Missing statement block after if ( condition ).
2022-09-13 14:59:39.238 -05:00 [WRN] textDocument/codeAction skipping diagnostic with empty Code field: PowerShell Missing statement block after if ( condition ).
2022-09-13 14:59:40.299 -05:00 [WRN] textDocument/codeAction skipping diagnostic with empty Code field: PowerShell Missing statement block after if ( condition ).
2022-09-13 14:59:41.916 -05:00 [WRN] textDocument/codeAction skipping diagnostic with empty Code field: PowerShell Missing property name after reference operator.
2022-09-13 14:59:41.916 -05:00 [WRN] textDocument/codeAction skipping diagnostic with empty Code field: PowerShell Missing statement block after if ( condition ).
2022-09-13 15:00:52.119 -05:00 [WRN] textDocument/codeAction skipping diagnostic with empty Code field: PowerShell Unexpected token 'else' in expression or statement.
2022-09-13 15:00:52.381 -05:00 [WRN] textDocument/codeAction skipping diagnostic with empty Code field: PowerShell Unexpected token 'else' in expression or statement.
2022-09-13 15:01:52.541 -05:00 [WRN] textDocument/codeAction skipping diagnostic with empty Code field: PowerShell Unexpected token '{' in expression or statement.
2022-09-13 15:01:52.541 -05:00 [WRN] textDocument/codeAction skipping diagnostic with empty Code field: PowerShell Missing closing ')' after expression in 'if' statement.
2022-09-13 15:01:55.302 -05:00 [WRN] textDocument/codeAction skipping diagnostic with empty Code field: PowerShell Unexpected token '{' in expression or statement.
2022-09-13 15:01:55.302 -05:00 [WRN] textDocument/codeAction skipping diagnostic with empty Code field: PowerShell Missing closing ')' after expression in 'if' statement.
2022-09-13 15:02:42.752 -05:00 [WRN] textDocument/codeAction skipping diagnostic with empty Code field: PowerShell Missing closing ')' in expression.
2022-09-13 15:02:42.897 -05:00 [WRN] textDocument/codeAction skipping diagnostic with empty Code field: PowerShell Missing closing ')' in expression.
2022-09-13 15:06:22.106 -05:00 [WRN] textDocument/codeAction skipping diagnostic with empty Code field: PowerShell Missing '(' after 'if' in if statement.
2022-09-13 15:06:36.295 -05:00 [WRN] textDocument/codeAction skipping diagnostic with empty Code field: PowerShell Missing ')' in method call.
2022-09-13 15:06:41.778 -05:00 [WRN] textDocument/codeAction skipping diagnostic with empty Code field: PowerShell Missing ')' in method call.
2022-09-13 15:06:44.171 -05:00 [WRN] textDocument/codeAction skipping diagnostic with empty Code field: PowerShell Missing ')' in method call.
2022-09-13 15:06:52.726 -05:00 [WRN] textDocument/codeAction skipping diagnostic with empty Code field: PowerShell Missing statement block after if ( condition ).
2022-09-13 15:09:12.203 -05:00 [WRN] textDocument/codeAction skipping diagnostic with empty Code field: PowerShell Missing ')' in function parameter list.
2022-09-13 15:14:53.158 -05:00 [WRN] textDocument/codeAction skipping diagnostic with empty Code field: PowerShell Missing closing ')' in expression.
2022-09-13 15:16:17.738 -05:00 [WRN] textDocument/codeAction skipping diagnostic with empty Code field: PowerShell Missing closing ')' in expression.
2022-09-13 15:19:40.159 -05:00 [WRN] textDocument/codeAction skipping diagnostic with empty Code field: PowerShell Missing closing ')' in expression.
2022-09-13 15:19:41.334 -05:00 [WRN] textDocument/codeAction skipping diagnostic with empty Code field: PowerShell Missing closing ')' in expression.
2022-09-13 15:22:38.559 -05:00 [WRN] textDocument/codeAction skipping diagnostic with empty Code field: PowerShell Unexpected token ')' in expression or statement.
2022-09-13 15:22:40.612 -05:00 [WRN] textDocument/codeAction skipping diagnostic with empty Code field: PowerShell Unexpected token ')' in expression or statement.
2022-09-13 15:27:21.097 -05:00 [WRN] textDocument/codeAction skipping diagnostic with empty Code field: PowerShell Missing type name after '['.
2022-09-13 15:27:21.244 -05:00 [WRN] Runtime exception occurred while executing command:

System.Management.Automation.CmdletInvocationException: The specified wildcard character pattern is not valid: [ ---> System.Management.Automation.WildcardPatternException: The specified wildcard character pattern is not valid: [
   at System.Management.Automation.WildcardPatternParser.Parse(WildcardPattern pattern, WildcardPatternParser parser)
   at System.Management.Automation.WildcardPatternMatcher.MyWildcardPatternParser.Parse(WildcardPattern pattern, CharacterNormalizer characterNormalizer)
   at System.Management.Automation.WildcardPatternMatcher..ctor(WildcardPattern wildcardPattern)
   at System.Management.Automation.WildcardPattern.Init()
   at System.Management.Automation.WildcardPattern.IsMatch(String input)
   at System.Management.Automation.CommandSearcher.GetNextAlias()
   at System.Management.Automation.CommandSearcher.SearchForAliases()
   at System.Management.Automation.CommandSearcher.MoveNext()
   at Microsoft.PowerShell.Commands.GetCommandCommand.FindCommandForName(SearchResolutionOptions options, String commandName, Boolean isPattern, Boolean emitErrors, Int32& currentCount, Boolean& isDuplicate)
   at Microsoft.PowerShell.Commands.GetCommandCommand.AccumulateMatchingCommands(IEnumerable`1 commandNames)
   at System.Management.Automation.CommandProcessor.ProcessRecord()
   --- End of inner exception stack trace ---
   at System.Management.Automation.Runspaces.PipelineBase.Invoke(IEnumerable input)
   at System.Management.Automation.PowerShell.Worker.ConstructPipelineAndDoWork(Runspace rs, Boolean performSyncInvoke)
   at System.Management.Automation.PowerShell.Worker.CreateRunspaceIfNeededAndDoWork(Runspace rsToUse, Boolean isSync)
   at System.Management.Automation.PowerShell.CoreInvokeHelper[TInput,TOutput](PSDataCollection`1 input, PSDataCollection`1 output, PSInvocationSettings settings)
   at System.Management.Automation.PowerShell.CoreInvoke[TInput,TOutput](PSDataCollection`1 input, PSDataCollection`1 output, PSInvocationSettings settings)
   at System.Management.Automation.PowerShell.Invoke[T](IEnumerable input, PSInvocationSettings settings)
   at Microsoft.PowerShell.EditorServices.Services.PowerShell.Utility.PowerShellExtensions.InvokeAndClear[TResult](PowerShell pwsh, PSInvocationSettings invocationSettings)
   at Microsoft.PowerShell.EditorServices.Services.PowerShell.Execution.SynchronousPowerShellTask`1.ExecuteNormally(CancellationToken cancellationToken)
2022-09-13 15:27:21.248 -05:00 [FTL] Failed to handle request textDocument/hover 2479
System.Management.Automation.CmdletInvocationException: The specified wildcard character pattern is not valid: [ ---> System.Management.Automation.WildcardPatternException: The specified wildcard character pattern is not valid: [
   at System.Management.Automation.WildcardPatternParser.Parse(WildcardPattern pattern, WildcardPatternParser parser)
   at System.Management.Automation.WildcardPatternMatcher.MyWildcardPatternParser.Parse(WildcardPattern pattern, CharacterNormalizer characterNormalizer)
   at System.Management.Automation.WildcardPatternMatcher..ctor(WildcardPattern wildcardPattern)
   at System.Management.Automation.WildcardPattern.Init()
   at System.Management.Automation.WildcardPattern.IsMatch(String input)
   at System.Management.Automation.CommandSearcher.GetNextAlias()
   at System.Management.Automation.CommandSearcher.SearchForAliases()
   at System.Management.Automation.CommandSearcher.MoveNext()
   at Microsoft.PowerShell.Commands.GetCommandCommand.FindCommandForName(SearchResolutionOptions options, String commandName, Boolean isPattern, Boolean emitErrors, Int32& currentCount, Boolean& isDuplicate)
   at Microsoft.PowerShell.Commands.GetCommandCommand.AccumulateMatchingCommands(IEnumerable`1 commandNames)
   at System.Management.Automation.CommandProcessor.ProcessRecord()
   --- End of inner exception stack trace ---
   at System.Management.Automation.Runspaces.PipelineBase.Invoke(IEnumerable input)
   at System.Management.Automation.PowerShell.Worker.ConstructPipelineAndDoWork(Runspace rs, Boolean performSyncInvoke)
   at System.Management.Automation.PowerShell.Worker.CreateRunspaceIfNeededAndDoWork(Runspace rsToUse, Boolean isSync)
   at System.Management.Automation.PowerShell.CoreInvokeHelper[TInput,TOutput](PSDataCollection`1 input, PSDataCollection`1 output, PSInvocationSettings settings)
   at System.Management.Automation.PowerShell.CoreInvoke[TInput,TOutput](PSDataCollection`1 input, PSDataCollection`1 output, PSInvocationSettings settings)
   at System.Management.Automation.PowerShell.Invoke[T](IEnumerable input, PSInvocationSettings settings)
   at Microsoft.PowerShell.EditorServices.Services.PowerShell.Utility.PowerShellExtensions.InvokeAndClear[TResult](PowerShell pwsh, PSInvocationSettings invocationSettings)
   at Microsoft.PowerShell.EditorServices.Services.PowerShell.Execution.SynchronousPowerShellTask`1.ExecuteNormally(CancellationToken cancellationToken)
   at Microsoft.PowerShell.EditorServices.Services.PowerShell.Execution.SynchronousPowerShellTask`1.Run(CancellationToken cancellationToken)
   at Microsoft.PowerShell.EditorServices.Services.PowerShell.Execution.SynchronousTask`1.ExecuteSynchronously(CancellationToken executorCancellationToken)
--- End of stack trace from previous location where exception was thrown ---
   at System.Runtime.ExceptionServices.ExceptionDispatchInfo.Throw()
   at System.Runtime.CompilerServices.TaskAwaiter.HandleNonSuccessAndDebuggerNotification(Task task)
   at Microsoft.PowerShell.EditorServices.Services.PowerShell.Utility.CommandHelpers.<GetCommandInfoAsync>d__7.MoveNext()
--- End of stack trace from previous location where exception was thrown ---
   at System.Runtime.ExceptionServices.ExceptionDispatchInfo.Throw()
   at System.Runtime.CompilerServices.TaskAwaiter.HandleNonSuccessAndDebuggerNotification(Task task)
   at Microsoft.PowerShell.EditorServices.Services.Symbols.SymbolDetails.<CreateAsync>d__12.MoveNext()
--- End of stack trace from previous location where exception was thrown ---
   at System.Runtime.ExceptionServices.ExceptionDispatchInfo.Throw()
   at System.Runtime.CompilerServices.TaskAwaiter.HandleNonSuccessAndDebuggerNotification(Task task)
   at Microsoft.PowerShell.EditorServices.Handlers.PsesHoverHandler.<Handle>d__5.MoveNext()
--- End of stack trace from previous location where exception was thrown ---
   at System.Runtime.ExceptionServices.ExceptionDispatchInfo.Throw()
   at System.Runtime.CompilerServices.TaskAwaiter.HandleNonSuccessAndDebuggerNotification(Task task)
   at OmniSharp.Extensions.LanguageServer.Server.Pipelines.SemanticTokensDeltaPipeline`2.<Handle>d__0.MoveNext()
--- End of stack trace from previous location where exception was thrown ---
   at System.Runtime.ExceptionServices.ExceptionDispatchInfo.Throw()
   at System.Runtime.CompilerServices.TaskAwaiter.HandleNonSuccessAndDebuggerNotification(Task task)
   at OmniSharp.Extensions.LanguageServer.Server.Pipelines.ResolveCommandPipeline`2.<Handle>d__3.MoveNext()
--- End of stack trace from previous location where exception was thrown ---
   at System.Runtime.ExceptionServices.ExceptionDispatchInfo.Throw()
   at System.Runtime.CompilerServices.TaskAwaiter.HandleNonSuccessAndDebuggerNotification(Task task)
   at MediatR.Pipeline.RequestPreProcessorBehavior`2.<Handle>d__2.MoveNext()
--- End of stack trace from previous location where exception was thrown ---
   at System.Runtime.ExceptionServices.ExceptionDispatchInfo.Throw()
   at System.Runtime.CompilerServices.TaskAwaiter.HandleNonSuccessAndDebuggerNotification(Task task)
   at MediatR.Pipeline.RequestPostProcessorBehavior`2.<Handle>d__2.MoveNext()
--- End of stack trace from previous location where exception was thrown ---
   at System.Runtime.ExceptionServices.ExceptionDispatchInfo.Throw()
   at System.Runtime.CompilerServices.TaskAwaiter.HandleNonSuccessAndDebuggerNotification(Task task)
   at MediatR.Pipeline.RequestExceptionProcessorBehavior`2.<Handle>d__2.MoveNext()
--- End of stack trace from previous location where exception was thrown ---
   at System.Runtime.ExceptionServices.ExceptionDispatchInfo.Throw()
   at MediatR.Pipeline.RequestExceptionProcessorBehavior`2.<Handle>d__2.MoveNext()
--- End of stack trace from previous location where exception was thrown ---
   at System.Runtime.ExceptionServices.ExceptionDispatchInfo.Throw()
   at System.Runtime.CompilerServices.TaskAwaiter.HandleNonSuccessAndDebuggerNotification(Task task)
   at MediatR.Pipeline.RequestExceptionActionProcessorBehavior`2.<Handle>d__2.MoveNext()
--- End of stack trace from previous location where exception was thrown ---
   at System.Runtime.ExceptionServices.ExceptionDispatchInfo.Throw()
   at MediatR.Pipeline.RequestExceptionActionProcessorBehavior`2.<Handle>d__2.MoveNext()
--- End of stack trace from previous location where exception was thrown ---
   at System.Runtime.ExceptionServices.ExceptionDispatchInfo.Throw()
   at System.Runtime.CompilerServices.TaskAwaiter.HandleNonSuccessAndDebuggerNotification(Task task)
   at OmniSharp.Extensions.JsonRpc.RequestRouterBase`1.<<RouteRequest>g__InnerRoute|7_0>d.MoveNext()
--- End of stack trace from previous location where exception was thrown ---
   at System.Runtime.ExceptionServices.ExceptionDispatchInfo.Throw()
   at System.Runtime.CompilerServices.TaskAwaiter.HandleNonSuccessAndDebuggerNotification(Task task)
   at OmniSharp.Extensions.JsonRpc.RequestRouterBase`1.<RouteRequest>d__7.MoveNext()
--- End of stack trace from previous location where exception was thrown ---
   at System.Runtime.ExceptionServices.ExceptionDispatchInfo.Throw()
   at System.Runtime.CompilerServices.TaskAwaiter.HandleNonSuccessAndDebuggerNotification(Task task)
   at OmniSharp.Extensions.JsonRpc.DefaultRequestInvoker.<>c__DisplayClass10_0.<<RouteRequest>b__5>d.MoveNext()
2022-09-13 15:27:21.279 -05:00 [WRN] textDocument/codeAction skipping diagnostic with empty Code field: PowerShell Missing type name after '['.
2022-09-13 15:27:47.283 -05:00 [WRN] textDocument/codeAction skipping diagnostic with empty Code field: PowerShell Missing type name after '['.
