5/8/2023 10:54:35 AM [NORMAL] - Visual Studio Code v1.78.0 64-bit
5/8/2023 10:54:35 AM [NORMAL] - pwsh.exe started.
5/8/2023 10:54:35 AM [NORMAL] - Language server starting --
5/8/2023 10:54:36 AM [NORMAL] - pwsh.exe PID: 4788
5/8/2023 10:54:36 AM [NORMAL] - Waiting for session file...
5/8/2023 10:54:35 AM [NORMAL] - PowerShell Extension v2023.5.0
5/8/2023 10:54:35 AM [NORMAL] -     PowerShell executable: C:\Program Files\PowerShell\7\pwsh.exe
5/8/2023 10:54:35 AM [NORMAL] - Operating System: Windows 64-bit
5/8/2023 10:54:35 AM [NORMAL] -     PowerShell args: -NoProfile -ExecutionPolicy Bypass -Command Import-Module 'c:\Users\Zach\.vscode\extensions\ms-vscode.powershell-2023.5.0\modules\PowerShellEditorServices\PowerShellEditorServices.psd1'; Start-EditorServices -HostName 'Visual Studio Code Host' -HostProfileId 'Microsoft.VSCode' -HostVersion '2023.5.0' -AdditionalModules @('PowerShellEditorServices.VSCode') -BundledModulesPath 'c:\Users\Zach\.vscode\extensions\ms-vscode.powershell-2023.5.0\modules' -EnableConsoleRepl -StartupBanner "PowerShell Extension v2023.5.0
Copyright (c) Microsoft Corporation.

https://aka.ms/vscode-powershell
Type 'help' to get help.
" -LogLevel 'Normal' -LogPath 'c:\Users\Zach\AppData\Roaming\Code\User\globalStorage\ms-vscode.powershell\logs\1683561275-0b5135a5-537b-455d-a8a8-c9b7949d00f71683561084370\EditorServices.log' -SessionDetailsPath 'c:\Users\Zach\AppData\Roaming\Code\User\globalStorage\ms-vscode.powershell\sessions\PSES-VSCode-20568-422940.json' -FeatureFlags @() 
5/8/2023 10:54:35 AM [NORMAL] -     PowerShell Editor Services args: Import-Module 'c:\Users\Zach\.vscode\extensions\ms-vscode.powershell-2023.5.0\modules\PowerShellEditorServices\PowerShellEditorServices.psd1'; Start-EditorServices -HostName 'Visual Studio Code Host' -HostProfileId 'Microsoft.VSCode' -HostVersion '2023.5.0' -AdditionalModules @('PowerShellEditorServices.VSCode') -BundledModulesPath 'c:\Users\Zach\.vscode\extensions\ms-vscode.powershell-2023.5.0\modules' -EnableConsoleRepl -StartupBanner "PowerShell Extension v2023.5.0
Copyright (c) Microsoft Corporation.

https://aka.ms/vscode-powershell
Type 'help' to get help.
" -LogLevel 'Normal' -LogPath 'c:\Users\Zach\AppData\Roaming\Code\User\globalStorage\ms-vscode.powershell\logs\1683561275-0b5135a5-537b-455d-a8a8-c9b7949d00f71683561084370\EditorServices.log' -SessionDetailsPath 'c:\Users\Zach\AppData\Roaming\Code\User\globalStorage\ms-vscode.powershell\sessions\PSES-VSCode-20568-422940.json' -FeatureFlags @() 
5/8/2023 10:54:38 AM [NORMAL] - Session file found!
5/8/2023 10:54:38 AM [NORMAL] - Language server started.
5/8/2023 10:54:38 AM [NORMAL] - Connecting to language service on pipe: \\.\pipe\PSES_hoxr10kk.edd
5/8/2023 10:54:38 AM [NORMAL] - Session details: {"status":"started","languageServiceTransport":"NamedPipe","languageServicePipeName":"\\\\.\\pipe\\PSES_hoxr10kk.edd","debugServiceTransport":"NamedPipe","debugServicePipeName":"\\\\.\\pipe\\PSES_jbvju1co.zgc","powerShellVersion":"7.3.4"}
5/8/2023 10:54:38 AM [NORMAL] - Language service socket connected.
