2022-09-12 14:12:44.635 -05:00 [INF] ReadLine overridden with 'Microsoft.PowerShell.EditorServices.Services.PowerShell.Console.PsrlReadLine'
2022-09-12 14:12:45.553 -05:00 [WRN] No ConfigurationItems have been defined, configuration won't surface any configuration from the client!
2022-09-12 14:12:45.604 -05:00 [ERR] Could not resolve Script Analyzer settings path due to null or empty workspaceRootPath.
2022-09-12 14:12:46.458 -05:00 [ERR] Could not resolve relative script path
    baseFilePath = 
        relativePath = PSScriptAnalyzerSettings.psd1

System.ArgumentNullException: Value cannot be null.
Parameter name: path1
   at System.IO.Path.Combine(String path1, String path2)
   at Microsoft.PowerShell.EditorServices.Services.WorkspaceService.ResolveRelativeScriptPath(String baseFilePath, String relativePath)
2022-09-12 14:12:46.458 -05:00 [INF] Unable to find PSSA settings file at 'PSScriptAnalyzerSettings.psd1'. Loading default rules.
2022-09-12 14:12:46.458 -05:00 [INF] PSScriptAnalyzer settings file not found. Falling back to default rules
2022-09-12 14:16:58.521 -05:00 [WRN] Formatting request canceled for: file:///c:/Users/Zach/Documents/projects/invoicing/sortfiles.ps1
2022-09-12 14:16:59.075 -05:00 [WRN] textDocument/codeAction skipping diagnostic with empty Code field: PowerShell Unexpected token 'Diagnostics.CodeAnalysis.SuppressMessageAttribute' in expression or statement.
2022-09-12 14:26:01.546 -05:00 [WRN] textDocument/codeAction skipping diagnostic with empty Code field: PowerShell The string is missing the terminator: '.
2022-09-12 14:26:03.314 -05:00 [WRN] textDocument/codeAction skipping diagnostic with empty Code field: PowerShell The string is missing the terminator: '.
2022-09-12 14:28:01.036 -05:00 [WRN] textDocument/codeAction skipping diagnostic with empty Code field: PowerShell Unexpected token '(' in expression or statement.
2022-09-12 14:32:38.703 -05:00 [WRN] textDocument/codeAction skipping diagnostic with empty Code field: PowerShell An expression was expected after '('.
2022-09-12 14:32:58.892 -05:00 [WRN] textDocument/codeAction skipping diagnostic with empty Code field: PowerShell Unexpected token 'week' in expression or statement.
2022-09-12 14:32:58.893 -05:00 [WRN] textDocument/codeAction skipping diagnostic with empty Code field: PowerShell Unexpected token ')' in expression or statement.
2022-09-12 14:33:02.915 -05:00 [WRN] textDocument/codeAction skipping diagnostic with empty Code field: PowerShell Unexpected token 'weekFolder' in expression or statement.
2022-09-12 14:33:02.915 -05:00 [WRN] textDocument/codeAction skipping diagnostic with empty Code field: PowerShell Unexpected token ')' in expression or statement.
2022-09-12 14:33:05.220 -05:00 [WRN] textDocument/codeAction skipping diagnostic with empty Code field: PowerShell Unexpected token 'weekFolder' in expression or statement.
2022-09-12 14:37:28.627 -05:00 [WRN] textDocument/codeAction skipping diagnostic with empty Code field: PowerShell You must provide a value expression following the '-ne' operator.
2022-09-12 14:37:35.666 -05:00 [WRN] textDocument/codeAction skipping diagnostic with empty Code field: PowerShell Unexpected token 'true' in expression or statement.
2022-09-12 14:37:35.666 -05:00 [WRN] textDocument/codeAction skipping diagnostic with empty Code field: PowerShell Missing closing ')' after expression in 'if' statement.
2022-09-12 14:37:35.666 -05:00 [WRN] textDocument/codeAction skipping diagnostic with empty Code field: PowerShell Unexpected token ')' in expression or statement.
2022-09-12 14:37:47.644 -05:00 [WRN] textDocument/codeAction skipping diagnostic with empty Code field: PowerShell You must provide a value expression following the '-ne' operator.
2022-09-12 14:37:51.670 -05:00 [WRN] textDocument/codeAction skipping diagnostic with empty Code field: PowerShell You must provide a value expression following the '-ne' operator.
2022-09-12 14:37:51.873 -05:00 [WRN] textDocument/codeAction skipping diagnostic with empty Code field: PowerShell Unexpected token 'true' in expression or statement.
2022-09-12 14:37:51.873 -05:00 [WRN] textDocument/codeAction skipping diagnostic with empty Code field: PowerShell Missing closing ')' after expression in 'if' statement.
2022-09-12 14:37:51.873 -05:00 [WRN] textDocument/codeAction skipping diagnostic with empty Code field: PowerShell Unexpected token ')' in expression or statement.
2022-09-12 14:37:52.351 -05:00 [WRN] textDocument/codeAction skipping diagnostic with empty Code field: PowerShell You must provide a value expression following the '-ne' operator.
2022-09-12 14:37:52.422 -05:00 [WRN] textDocument/codeAction skipping diagnostic with empty Code field: PowerShell Unexpected token 'true' in expression or statement.
2022-09-12 14:37:52.422 -05:00 [WRN] textDocument/codeAction skipping diagnostic with empty Code field: PowerShell Missing closing ')' after expression in 'if' statement.
2022-09-12 14:37:52.423 -05:00 [WRN] textDocument/codeAction skipping diagnostic with empty Code field: PowerShell Unexpected token ')' in expression or statement.
2022-09-12 14:37:52.436 -05:00 [WRN] textDocument/codeAction skipping diagnostic with empty Code field: PowerShell Unexpected token 'true' in expression or statement.
2022-09-12 14:37:52.436 -05:00 [WRN] textDocument/codeAction skipping diagnostic with empty Code field: PowerShell Missing closing ')' after expression in 'if' statement.
2022-09-12 14:37:52.437 -05:00 [WRN] textDocument/codeAction skipping diagnostic with empty Code field: PowerShell Unexpected token ')' in expression or statement.
2022-09-12 14:37:52.745 -05:00 [WRN] textDocument/codeAction skipping diagnostic with empty Code field: PowerShell Unexpected token 'true' in expression or statement.
2022-09-12 14:37:52.745 -05:00 [WRN] textDocument/codeAction skipping diagnostic with empty Code field: PowerShell Missing closing ')' after expression in 'if' statement.
2022-09-12 14:37:52.745 -05:00 [WRN] textDocument/codeAction skipping diagnostic with empty Code field: PowerShell Unexpected token ')' in expression or statement.
2022-09-12 14:40:39.636 -05:00 [WRN] textDocument/codeAction skipping diagnostic with empty Code field: PowerShell Missing closing ')' in expression.
2022-09-12 14:40:59.519 -05:00 [WRN] textDocument/codeAction skipping diagnostic with empty Code field: PowerShell Unexpected token ')' in expression or statement.
2022-09-12 14:41:01.112 -05:00 [WRN] textDocument/codeAction skipping diagnostic with empty Code field: PowerShell Unexpected token ')' in expression or statement.
2022-09-12 14:41:31.856 -05:00 [WRN] textDocument/codeAction skipping diagnostic with empty Code field: PowerShell Missing closing ')' in expression.
2022-09-12 14:41:57.809 -05:00 [WRN] textDocument/codeAction skipping diagnostic with empty Code field: PowerShell Missing closing ')' in expression.
2022-09-12 14:41:59.384 -05:00 [WRN] textDocument/codeAction skipping diagnostic with empty Code field: PowerShell Missing closing ')' in expression.
2022-09-12 14:41:59.385 -05:00 [WRN] textDocument/codeAction skipping diagnostic with empty Code field: PowerShell Unexpected token '$weekFolderName' in expression or statement.
2022-09-12 14:41:59.647 -05:00 [WRN] textDocument/codeAction skipping diagnostic with empty Code field: PowerShell Missing closing ')' in expression.
2022-09-12 14:42:00.754 -05:00 [WRN] textDocument/codeAction skipping diagnostic with empty Code field: PowerShell Unexpected token '$weekFolderName' in expression or statement.
2022-09-12 14:45:53.866 -05:00 [WRN] textDocument/codeAction skipping diagnostic with empty Code field: PowerShell Missing condition in if statement after 'if ('.
2022-09-12 14:45:53.866 -05:00 [WRN] textDocument/codeAction skipping diagnostic with empty Code field: PowerShell Missing statement block after if ( condition ).
2022-09-12 14:45:58.307 -05:00 [WRN] textDocument/codeAction skipping diagnostic with empty Code field: PowerShell Missing condition in if statement after 'if ('.
2022-09-12 14:45:58.307 -05:00 [WRN] textDocument/codeAction skipping diagnostic with empty Code field: PowerShell Missing statement block after if ( condition ).
2022-09-12 14:45:58.575 -05:00 [WRN] textDocument/codeAction skipping diagnostic with empty Code field: PowerShell Missing condition in if statement after 'if ('.
2022-09-12 14:45:58.576 -05:00 [WRN] textDocument/codeAction skipping diagnostic with empty Code field: PowerShell Missing statement block after if ( condition ).
2022-09-12 14:46:00.157 -05:00 [WRN] textDocument/codeAction skipping diagnostic with empty Code field: PowerShell Missing statement block after if ( condition ).
2022-09-12 14:46:01.641 -05:00 [WRN] textDocument/codeAction skipping diagnostic with empty Code field: PowerShell Missing statement block after if ( condition ).
2022-09-12 14:46:02.901 -05:00 [WRN] textDocument/codeAction skipping diagnostic with empty Code field: PowerShell Missing statement block after if ( condition ).
2022-09-12 14:46:04.826 -05:00 [WRN] textDocument/codeAction skipping diagnostic with empty Code field: PowerShell You must provide a value expression following the '-contains' operator.
2022-09-12 14:46:04.826 -05:00 [WRN] textDocument/codeAction skipping diagnostic with empty Code field: PowerShell Missing statement block after if ( condition ).
2022-09-12 14:46:06.932 -05:00 [WRN] textDocument/codeAction skipping diagnostic with empty Code field: PowerShell Missing statement block after if ( condition ).
2022-09-12 14:46:07.203 -05:00 [WRN] textDocument/codeAction skipping diagnostic with empty Code field: PowerShell Missing statement block after if ( condition ).
2022-09-12 14:46:31.771 -05:00 [WRN] textDocument/codeAction skipping diagnostic with empty Code field: PowerShell Missing statement block after if ( condition ).
2022-09-12 14:47:51.392 -05:00 [WRN] Formatting request canceled for: file:///c:/Users/Zach/Documents/projects/invoicing/sortfiles.ps1
2022-09-12 14:48:03.054 -05:00 [WRN] textDocument/codeAction skipping diagnostic with empty Code field: PowerShell Unexpected token ')' in expression or statement.
2022-09-12 14:49:28.571 -05:00 [WRN] textDocument/codeAction skipping diagnostic with empty Code field: PowerShell Missing closing ')' in expression.
2022-09-12 14:49:33.484 -05:00 [WRN] textDocument/codeAction skipping diagnostic with empty Code field: PowerShell Missing closing ')' in expression.
2022-09-12 14:49:50.335 -05:00 [WRN] textDocument/codeAction skipping diagnostic with empty Code field: PowerShell The assignment expression is not valid. The input to an assignment operator must be an object that is able to accept assignments, such as a variable or a property.
2022-09-12 14:50:00.452 -05:00 [WRN] textDocument/codeAction skipping diagnostic with empty Code field: PowerShell The assignment expression is not valid. The input to an assignment operator must be an object that is able to accept assignments, such as a variable or a property.
2022-09-12 14:50:00.775 -05:00 [WRN] textDocument/codeAction skipping diagnostic with empty Code field: PowerShell The assignment expression is not valid. The input to an assignment operator must be an object that is able to accept assignments, such as a variable or a property.
2022-09-12 14:50:39.425 -05:00 [WRN] textDocument/codeAction skipping diagnostic with empty Code field: PowerShell The assignment expression is not valid. The input to an assignment operator must be an object that is able to accept assignments, such as a variable or a property.
2022-09-12 14:50:40.901 -05:00 [WRN] textDocument/codeAction skipping diagnostic with empty Code field: PowerShell The assignment expression is not valid. The input to an assignment operator must be an object that is able to accept assignments, such as a variable or a property.
2022-09-12 14:50:41.902 -05:00 [WRN] textDocument/codeAction skipping diagnostic with empty Code field: PowerShell The assignment expression is not valid. The input to an assignment operator must be an object that is able to accept assignments, such as a variable or a property.
2022-09-12 14:50:42.172 -05:00 [WRN] textDocument/codeAction skipping diagnostic with empty Code field: PowerShell The assignment expression is not valid. The input to an assignment operator must be an object that is able to accept assignments, such as a variable or a property.
2022-09-12 14:50:45.456 -05:00 [WRN] textDocument/codeAction skipping diagnostic with empty Code field: PowerShell The assignment expression is not valid. The input to an assignment operator must be an object that is able to accept assignments, such as a variable or a property.
2022-09-12 14:50:46.451 -05:00 [WRN] textDocument/codeAction skipping diagnostic with empty Code field: PowerShell The assignment expression is not valid. The input to an assignment operator must be an object that is able to accept assignments, such as a variable or a property.
2022-09-12 14:50:59.795 -05:00 [WRN] textDocument/codeAction skipping diagnostic with empty Code field: PowerShell The assignment expression is not valid. The input to an assignment operator must be an object that is able to accept assignments, such as a variable or a property.
2022-09-12 14:51:01.412 -05:00 [WRN] textDocument/codeAction skipping diagnostic with empty Code field: PowerShell The assignment expression is not valid. The input to an assignment operator must be an object that is able to accept assignments, such as a variable or a property.
2022-09-12 14:51:02.750 -05:00 [WRN] textDocument/codeAction skipping diagnostic with empty Code field: PowerShell The assignment expression is not valid. The input to an assignment operator must be an object that is able to accept assignments, such as a variable or a property.
2022-09-12 14:51:04.763 -05:00 [WRN] textDocument/codeAction skipping diagnostic with empty Code field: PowerShell The assignment expression is not valid. The input to an assignment operator must be an object that is able to accept assignments, such as a variable or a property.
2022-09-12 14:51:08.535 -05:00 [WRN] textDocument/codeAction skipping diagnostic with empty Code field: PowerShell The assignment expression is not valid. The input to an assignment operator must be an object that is able to accept assignments, such as a variable or a property.
2022-09-12 14:51:08.803 -05:00 [WRN] textDocument/codeAction skipping diagnostic with empty Code field: PowerShell The assignment expression is not valid. The input to an assignment operator must be an object that is able to accept assignments, such as a variable or a property.
2022-09-12 14:51:13.223 -05:00 [WRN] textDocument/codeAction skipping diagnostic with empty Code field: PowerShell The assignment expression is not valid. The input to an assignment operator must be an object that is able to accept assignments, such as a variable or a property.
2022-09-12 14:51:15.102 -05:00 [WRN] textDocument/codeAction skipping diagnostic with empty Code field: PowerShell The assignment expression is not valid. The input to an assignment operator must be an object that is able to accept assignments, such as a variable or a property.
2022-09-12 14:51:20.379 -05:00 [WRN] textDocument/codeAction skipping diagnostic with empty Code field: PowerShell The assignment expression is not valid. The input to an assignment operator must be an object that is able to accept assignments, such as a variable or a property.
2022-09-12 14:51:26.993 -05:00 [WRN] textDocument/codeAction skipping diagnostic with empty Code field: PowerShell The assignment expression is not valid. The input to an assignment operator must be an object that is able to accept assignments, such as a variable or a property.
2022-09-12 14:51:27.265 -05:00 [WRN] textDocument/codeAction skipping diagnostic with empty Code field: PowerShell The assignment expression is not valid. The input to an assignment operator must be an object that is able to accept assignments, such as a variable or a property.
2022-09-12 14:51:28.384 -05:00 [WRN] textDocument/codeAction skipping diagnostic with empty Code field: PowerShell The assignment expression is not valid. The input to an assignment operator must be an object that is able to accept assignments, such as a variable or a property.
2022-09-12 14:51:28.653 -05:00 [WRN] textDocument/codeAction skipping diagnostic with empty Code field: PowerShell The string is missing the terminator: ".
2022-09-12 14:51:28.654 -05:00 [WRN] textDocument/codeAction skipping diagnostic with empty Code field: PowerShell Unexpected token '`"" + $rootPath = '')
}
Write-Output ('Done 1/' + $stepCount)

# Move loads into Weeks Load Folder
# if ($rootPath -contains )

# Write-Output $weekFolderName
# Write-Output $dateString 


' in expression or statement.
2022-09-12 14:51:29.680 -05:00 [WRN] textDocument/codeAction skipping diagnostic with empty Code field: PowerShell The string is missing the terminator: ".
2022-09-12 14:51:29.681 -05:00 [WRN] textDocument/codeAction skipping diagnostic with empty Code field: PowerShell Unexpected token '`"" + $rootPath = '')
}
Write-Output ('Done 1/' + $stepCount)

# Move loads into Weeks Load Folder
# if ($rootPath -contains )

# Write-Output $weekFolderName
# Write-Output $dateString 


' in expression or statement.
2022-09-12 14:51:30.548 -05:00 [WRN] textDocument/codeAction skipping diagnostic with empty Code field: PowerShell The string is missing the terminator: ".
2022-09-12 14:51:30.548 -05:00 [WRN] textDocument/codeAction skipping diagnostic with empty Code field: PowerShell Unexpected token '`"" + $rootPath = '')
}
Write-Output ('Done 1/' + $stepCount)

# Move loads into Weeks Load Folder
# if ($rootPath -contains )

# Write-Output $weekFolderName
# Write-Output $dateString 


' in expression or statement.
2022-09-12 14:51:30.817 -05:00 [WRN] textDocument/codeAction skipping diagnostic with empty Code field: PowerShell Unexpected token '`"' in expression or statement.
2022-09-12 14:51:33.991 -05:00 [WRN] textDocument/codeAction skipping diagnostic with empty Code field: PowerShell Unexpected token '`"' in expression or statement.
2022-09-12 14:51:36.807 -05:00 [WRN] textDocument/codeAction skipping diagnostic with empty Code field: PowerShell Unexpected token '`"' in expression or statement.
2022-09-12 14:51:38.554 -05:00 [WRN] textDocument/codeAction skipping diagnostic with empty Code field: PowerShell Unexpected token '`"' in expression or statement.
2022-09-12 14:51:38.591 -05:00 [WRN] textDocument/codeAction skipping diagnostic with empty Code field: PowerShell The string is missing the terminator: ".
2022-09-12 14:51:38.592 -05:00 [WRN] textDocument/codeAction skipping diagnostic with empty Code field: PowerShell Unexpected token '``" + $rootPath = '')
}
Write-Output ('Done 1/' + $stepCount)

# Move loads into Weeks Load Folder
# if ($rootPath -contains )

# Write-Output $weekFolderName
# Write-Output $dateString 


' in expression or statement.
2022-09-12 14:51:38.961 -05:00 [WRN] textDocument/codeAction skipping diagnostic with empty Code field: PowerShell The string is missing the terminator: ".
2022-09-12 14:51:38.961 -05:00 [WRN] textDocument/codeAction skipping diagnostic with empty Code field: PowerShell Unexpected token '``" + $rootPath = '')
}
Write-Output ('Done 1/' + $stepCount)

# Move loads into Weeks Load Folder
# if ($rootPath -contains )

# Write-Output $weekFolderName
# Write-Output $dateString 


' in expression or statement.
2022-09-12 14:51:39.876 -05:00 [WRN] textDocument/codeAction skipping diagnostic with empty Code field: PowerShell The string is missing the terminator: ".
2022-09-12 14:51:39.876 -05:00 [WRN] textDocument/codeAction skipping diagnostic with empty Code field: PowerShell Unexpected token '``" + $rootPath = '')
}
Write-Output ('Done 1/' + $stepCount)

# Move loads into Weeks Load Folder
# if ($rootPath -contains )

# Write-Output $weekFolderName
# Write-Output $dateString 


' in expression or statement.
2022-09-12 14:51:40.145 -05:00 [WRN] textDocument/codeAction skipping diagnostic with empty Code field: PowerShell The string is missing the terminator: ".
2022-09-12 14:51:40.146 -05:00 [WRN] textDocument/codeAction skipping diagnostic with empty Code field: PowerShell Unexpected token '``"` + $rootPath = '')
}
Write-Output ('Done 1/' + $stepCount)

# Move loads into Weeks Load Folder
# if ($rootPath -contains )

# Write-Output $weekFolderName
# Write-Output $dateString 


' in expression or statement.
2022-09-12 14:51:40.860 -05:00 [WRN] textDocument/codeAction skipping diagnostic with empty Code field: PowerShell The string is missing the terminator: ".
2022-09-12 14:51:40.860 -05:00 [WRN] textDocument/codeAction skipping diagnostic with empty Code field: PowerShell Unexpected token '``"` + $rootPath = '')
}
Write-Output ('Done 1/' + $stepCount)

# Move loads into Weeks Load Folder
# if ($rootPath -contains )

# Write-Output $weekFolderName
# Write-Output $dateString 


' in expression or statement.
2022-09-12 14:51:41.663 -05:00 [WRN] textDocument/codeAction skipping diagnostic with empty Code field: PowerShell The string is missing the terminator: ".
2022-09-12 14:51:41.663 -05:00 [WRN] textDocument/codeAction skipping diagnostic with empty Code field: PowerShell Unexpected token '``"` + $rootPath = '')
}
Write-Output ('Done 1/' + $stepCount)

# Move loads into Weeks Load Folder
# if ($rootPath -contains )

# Write-Output $weekFolderName
# Write-Output $dateString 


' in expression or statement.
2022-09-12 14:51:41.934 -05:00 [WRN] textDocument/codeAction skipping diagnostic with empty Code field: PowerShell The string is missing the terminator: ".
2022-09-12 14:51:41.934 -05:00 [WRN] textDocument/codeAction skipping diagnostic with empty Code field: PowerShell Unexpected token '``"=) + $rootPath = '')
}
Write-Output ('Done 1/' + $stepCount)

# Move loads into Weeks Load Folder
# if ($rootPath -contains )

# Write-Output $weekFolderName
# Write-Output $dateString 


' in expression or statement.
2022-09-12 14:51:42.945 -05:00 [WRN] textDocument/codeAction skipping diagnostic with empty Code field: PowerShell The string is missing the terminator: ".
2022-09-12 14:51:42.945 -05:00 [WRN] textDocument/codeAction skipping diagnostic with empty Code field: PowerShell Unexpected token '``"=) + $rootPath = '')
}
Write-Output ('Done 1/' + $stepCount)

# Move loads into Weeks Load Folder
# if ($rootPath -contains )

# Write-Output $weekFolderName
# Write-Output $dateString 


' in expression or statement.
2022-09-12 14:51:43.212 -05:00 [WRN] textDocument/codeAction skipping diagnostic with empty Code field: PowerShell The string is missing the terminator: ".
2022-09-12 14:51:43.212 -05:00 [WRN] textDocument/codeAction skipping diagnostic with empty Code field: PowerShell Unexpected token '``" + $rootPath = '')
}
Write-Output ('Done 1/' + $stepCount)

# Move loads into Weeks Load Folder
# if ($rootPath -contains )

# Write-Output $weekFolderName
# Write-Output $dateString 


' in expression or statement.
2022-09-12 14:51:45.251 -05:00 [WRN] textDocument/codeAction skipping diagnostic with empty Code field: PowerShell The string is missing the terminator: ".
2022-09-12 14:51:45.251 -05:00 [WRN] textDocument/codeAction skipping diagnostic with empty Code field: PowerShell Unexpected token '``" + $rootPath = '')
}
Write-Output ('Done 1/' + $stepCount)

# Move loads into Weeks Load Folder
# if ($rootPath -contains )

# Write-Output $weekFolderName
# Write-Output $dateString 


' in expression or statement.
2022-09-12 14:51:45.522 -05:00 [WRN] textDocument/codeAction skipping diagnostic with empty Code field: PowerShell Unexpected token '``") + $rootPath = '')
}
Write-Output ('Done 1/' + $stepCount)

# Move loads into Weeks Load Folder
# if ($rootPath -contains )

# Write-Output $weekFolderName
# Write-Output $dateString 


' in expression or statement.
2022-09-12 14:51:47.211 -05:00 [WRN] textDocument/codeAction skipping diagnostic with empty Code field: PowerShell The string is missing the terminator: ".
2022-09-12 14:51:48.599 -05:00 [WRN] textDocument/codeAction skipping diagnostic with empty Code field: PowerShell The string is missing the terminator: ".
2022-09-12 14:51:48.867 -05:00 [WRN] textDocument/codeAction skipping diagnostic with empty Code field: PowerShell The string is missing the terminator: ".
2022-09-12 14:51:51.501 -05:00 [WRN] textDocument/codeAction skipping diagnostic with empty Code field: PowerShell The string is missing the terminator: ".
2022-09-12 14:51:51.768 -05:00 [WRN] textDocument/codeAction skipping diagnostic with empty Code field: PowerShell The assignment expression is not valid. The input to an assignment operator must be an object that is able to accept assignments, such as a variable or a property.
2022-09-12 14:51:52.841 -05:00 [WRN] textDocument/codeAction skipping diagnostic with empty Code field: PowerShell The assignment expression is not valid. The input to an assignment operator must be an object that is able to accept assignments, such as a variable or a property.
2022-09-12 14:51:53.641 -05:00 [WRN] textDocument/codeAction skipping diagnostic with empty Code field: PowerShell The assignment expression is not valid. The input to an assignment operator must be an object that is able to accept assignments, such as a variable or a property.
2022-09-12 14:51:55.042 -05:00 [WRN] textDocument/codeAction skipping diagnostic with empty Code field: PowerShell The string is missing the terminator: ".
2022-09-12 14:51:55.311 -05:00 [WRN] textDocument/codeAction skipping diagnostic with empty Code field: PowerShell The string is missing the terminator: ".
2022-09-12 14:51:57.166 -05:00 [WRN] textDocument/codeAction skipping diagnostic with empty Code field: PowerShell The string is missing the terminator: ".
2022-09-12 14:51:58.745 -05:00 [WRN] textDocument/codeAction skipping diagnostic with empty Code field: PowerShell The string is missing the terminator: ".
2022-09-12 14:51:58.745 -05:00 [WRN] textDocument/codeAction skipping diagnostic with empty Code field: PowerShell Missing closing ')' in expression.
2022-09-12 14:52:03.298 -05:00 [WRN] textDocument/codeAction skipping diagnostic with empty Code field: PowerShell The string is missing the terminator: ".
2022-09-12 14:52:03.617 -05:00 [WRN] textDocument/codeAction skipping diagnostic with empty Code field: PowerShell The string is missing the terminator: ".
2022-09-12 14:52:03.617 -05:00 [WRN] textDocument/codeAction skipping diagnostic with empty Code field: PowerShell Missing closing ')' in expression.
2022-09-12 14:52:04.521 -05:00 [WRN] textDocument/codeAction skipping diagnostic with empty Code field: PowerShell The string is missing the terminator: ".
2022-09-12 14:52:04.988 -05:00 [WRN] textDocument/codeAction skipping diagnostic with empty Code field: PowerShell The assignment expression is not valid. The input to an assignment operator must be an object that is able to accept assignments, such as a variable or a property.
2022-09-12 14:52:07.460 -05:00 [WRN] textDocument/codeAction skipping diagnostic with empty Code field: PowerShell The assignment expression is not valid. The input to an assignment operator must be an object that is able to accept assignments, such as a variable or a property.
2022-09-12 14:52:07.724 -05:00 [WRN] textDocument/codeAction skipping diagnostic with empty Code field: PowerShell The assignment expression is not valid. The input to an assignment operator must be an object that is able to accept assignments, such as a variable or a property.
2022-09-12 14:52:10.635 -05:00 [WRN] textDocument/codeAction skipping diagnostic with empty Code field: PowerShell The assignment expression is not valid. The input to an assignment operator must be an object that is able to accept assignments, such as a variable or a property.
2022-09-12 14:52:10.904 -05:00 [WRN] textDocument/codeAction skipping diagnostic with empty Code field: PowerShell The assignment expression is not valid. The input to an assignment operator must be an object that is able to accept assignments, such as a variable or a property.
2022-09-12 14:52:12.575 -05:00 [WRN] textDocument/codeAction skipping diagnostic with empty Code field: PowerShell The assignment expression is not valid. The input to an assignment operator must be an object that is able to accept assignments, such as a variable or a property.
2022-09-12 14:52:13.379 -05:00 [WRN] textDocument/codeAction skipping diagnostic with empty Code field: PowerShell The assignment expression is not valid. The input to an assignment operator must be an object that is able to accept assignments, such as a variable or a property.
2022-09-12 14:52:13.647 -05:00 [WRN] textDocument/codeAction skipping diagnostic with empty Code field: PowerShell The assignment expression is not valid. The input to an assignment operator must be an object that is able to accept assignments, such as a variable or a property.
2022-09-12 14:52:14.717 -05:00 [WRN] textDocument/codeAction skipping diagnostic with empty Code field: PowerShell The assignment expression is not valid. The input to an assignment operator must be an object that is able to accept assignments, such as a variable or a property.
2022-09-12 14:52:14.983 -05:00 [WRN] textDocument/codeAction skipping diagnostic with empty Code field: PowerShell The assignment expression is not valid. The input to an assignment operator must be an object that is able to accept assignments, such as a variable or a property.
2022-09-12 14:52:15.357 -05:00 [WRN] textDocument/codeAction skipping diagnostic with empty Code field: PowerShell The assignment expression is not valid. The input to an assignment operator must be an object that is able to accept assignments, such as a variable or a property.
2022-09-12 14:52:16.562 -05:00 [WRN] textDocument/codeAction skipping diagnostic with empty Code field: PowerShell The assignment expression is not valid. The input to an assignment operator must be an object that is able to accept assignments, such as a variable or a property.
2022-09-12 14:52:16.820 -05:00 [WRN] textDocument/codeAction skipping diagnostic with empty Code field: PowerShell The string is missing the terminator: ".
2022-09-12 14:52:18.404 -05:00 [WRN] textDocument/codeAction skipping diagnostic with empty Code field: PowerShell The string is missing the terminator: ".
2022-09-12 14:52:18.404 -05:00 [WRN] textDocument/codeAction skipping diagnostic with empty Code field: PowerShell Missing closing ')' in expression.
2022-09-12 14:52:22.407 -05:00 [WRN] textDocument/codeAction skipping diagnostic with empty Code field: PowerShell The string is missing the terminator: ".
2022-09-12 14:52:22.681 -05:00 [WRN] textDocument/codeAction skipping diagnostic with empty Code field: PowerShell The assignment expression is not valid. The input to an assignment operator must be an object that is able to accept assignments, such as a variable or a property.
2022-09-12 14:52:26.162 -05:00 [WRN] textDocument/codeAction skipping diagnostic with empty Code field: PowerShell The assignment expression is not valid. The input to an assignment operator must be an object that is able to accept assignments, such as a variable or a property.
2022-09-12 14:52:27.758 -05:00 [WRN] textDocument/codeAction skipping diagnostic with empty Code field: PowerShell The assignment expression is not valid. The input to an assignment operator must be an object that is able to accept assignments, such as a variable or a property.
2022-09-12 14:52:28.024 -05:00 [WRN] textDocument/codeAction skipping diagnostic with empty Code field: PowerShell The assignment expression is not valid. The input to an assignment operator must be an object that is able to accept assignments, such as a variable or a property.
2022-09-12 14:54:37.011 -05:00 [WRN] textDocument/codeAction skipping diagnostic with empty Code field: PowerShell Missing statement block after if ( condition ).
2022-09-12 14:56:16.940 -05:00 [WRN] textDocument/codeAction skipping diagnostic with empty Code field: PowerShell You must provide a value expression following the '-contains' operator.
2022-09-12 14:56:16.940 -05:00 [WRN] textDocument/codeAction skipping diagnostic with empty Code field: PowerShell Missing statement block after if ( condition ).
2022-09-12 14:57:22.789 -05:00 [WRN] textDocument/codeAction skipping diagnostic with empty Code field: PowerShell Unexpected token 'Done' in expression or statement.
2022-09-12 14:57:22.791 -05:00 [WRN] textDocument/codeAction skipping diagnostic with empty Code field: PowerShell Missing closing ')' in expression.
2022-09-12 14:57:23.427 -05:00 [WRN] textDocument/codeAction skipping diagnostic with empty Code field: PowerShell Unexpected token 'Done' in expression or statement.
2022-09-12 14:57:23.811 -05:00 [WRN] textDocument/codeAction skipping diagnostic with empty Code field: PowerShell Unexpected token 'Done' in expression or statement.
2022-09-12 14:57:59.711 -05:00 [WRN] textDocument/codeAction skipping diagnostic with empty Code field: PowerShell You must provide a value expression following the '+' operator.
2022-09-12 14:58:28.678 -05:00 [WRN] textDocument/codeAction skipping diagnostic with empty Code field: PowerShell Missing closing ')' in expression.
2022-09-12 14:58:28.958 -05:00 [WRN] textDocument/codeAction skipping diagnostic with empty Code field: PowerShell Missing closing ')' in expression.
2022-09-12 14:58:31.801 -05:00 [WRN] textDocument/codeAction skipping diagnostic with empty Code field: PowerShell Unexpected token '$weekFolderName' in expression or statement.
2022-09-12 14:58:39.979 -05:00 [WRN] textDocument/codeAction skipping diagnostic with empty Code field: PowerShell The string is missing the terminator: '.
2022-09-12 14:58:39.980 -05:00 [WRN] textDocument/codeAction skipping diagnostic with empty Code field: PowerShell The string is missing the terminator: '.
