2023-01-02 11:38:05 a.m. [NORMAL] - Visual Studio Code v1.74.2 64-bit
2023-01-02 11:38:05 a.m. [NORMAL] - pwsh.exe started.
2023-01-02 11:38:05 a.m. [NORMAL] - Language server starting --
2023-01-02 11:38:05 a.m. [NORMAL] - PowerShell Extension v2022.12.1
2023-01-02 11:38:05 a.m. [NORMAL] -     PowerShell executable: C:\Program Files\PowerShell\7\pwsh.exe
2023-01-02 11:38:05 a.m. [NORMAL] - Operating System: Windows 64-bit
2023-01-02 11:38:05 a.m. [NORMAL] -     PowerShell args: -NoProfile -ExecutionPolicy Bypass -Command Import-Module 'c:\Users\Zach\.vscode\extensions\ms-vscode.powershell-2022.12.1\modules\PowerShellEditorServices\PowerShellEditorServices.psd1'; Start-EditorServices -HostName 'Visual Studio Code Host' -HostProfileId 'Microsoft.VSCode' -HostVersion '2022.12.1' -AdditionalModules @('PowerShellEditorServices.VSCode') -BundledModulesPath 'c:\Users\Zach\.vscode\extensions\ms-vscode.powershell-2022.12.1\modules' -EnableConsoleRepl -StartupBanner "PowerShell Extension v2022.12.1
Copyright (c) Microsoft Corporation.

https://aka.ms/vscode-powershell
Type 'help' to get help.
" -LogLevel 'Normal' -LogPath 'c:\Users\Zach\AppData\Roaming\Code\User\globalStorage\ms-vscode.powershell\logs\1672681085-e84a42ca-07bd-4e39-be97-68358647a6361672680964158\EditorServices.log' -SessionDetailsPath 'c:\Users\Zach\AppData\Roaming\Code\User\globalStorage\ms-vscode.powershell\sessions\PSES-VSCode-7636-327327.json' -FeatureFlags @() 
2023-01-02 11:38:05 a.m. [NORMAL] -     PowerShell Editor Services args: Import-Module 'c:\Users\Zach\.vscode\extensions\ms-vscode.powershell-2022.12.1\modules\PowerShellEditorServices\PowerShellEditorServices.psd1'; Start-EditorServices -HostName 'Visual Studio Code Host' -HostProfileId 'Microsoft.VSCode' -HostVersion '2022.12.1' -AdditionalModules @('PowerShellEditorServices.VSCode') -BundledModulesPath 'c:\Users\Zach\.vscode\extensions\ms-vscode.powershell-2022.12.1\modules' -EnableConsoleRepl -StartupBanner "PowerShell Extension v2022.12.1
Copyright (c) Microsoft Corporation.

https://aka.ms/vscode-powershell
Type 'help' to get help.
" -LogLevel 'Normal' -LogPath 'c:\Users\Zach\AppData\Roaming\Code\User\globalStorage\ms-vscode.powershell\logs\1672681085-e84a42ca-07bd-4e39-be97-68358647a6361672680964158\EditorServices.log' -SessionDetailsPath 'c:\Users\Zach\AppData\Roaming\Code\User\globalStorage\ms-vscode.powershell\sessions\PSES-VSCode-7636-327327.json' -FeatureFlags @() 
2023-01-02 11:38:05 a.m. [NORMAL] - Waiting for session file...
2023-01-02 11:38:07 a.m. [NORMAL] - Session file found!
2023-01-02 11:38:07 a.m. [NORMAL] - pwsh.exe PID: 7656
2023-01-02 11:38:07 a.m. [NORMAL] - Language server started.
2023-01-02 11:38:07 a.m. [NORMAL] - Connecting to language service on pipe: \\.\pipe\PSES_x44l2vnt.1gk
2023-01-02 11:38:07 a.m. [NORMAL] - Session details: {"status":"started","languageServiceTransport":"NamedPipe","languageServicePipeName":"\\\\.\\pipe\\PSES_x44l2vnt.1gk","debugServiceTransport":"NamedPipe","debugServicePipeName":"\\\\.\\pipe\\PSES_3omuah54.rg1"}
2023-01-02 11:38:07 a.m. [NORMAL] - Language service socket connected.
