2022-09-21 11:10:24.844 -05:00 [INF] ReadLine overridden with 'Microsoft.PowerShell.EditorServices.Services.PowerShell.Console.PsrlReadLine'
2022-09-21 11:10:25.479 -05:00 [WRN] No ConfigurationItems have been defined, configuration won't surface any configuration from the client!
2022-09-21 11:10:26.343 -05:00 [INF] Unable to find PSSA settings file at 'c:\Users\Zach\Documents\projects\invoicing\PSScriptAnalyzerSettings.psd1'. Loading default rules.
2022-09-21 11:10:26.346 -05:00 [INF] PSScriptAnalyzer settings file not found. Falling back to default rules
2022-09-21 11:13:54.723 -05:00 [WRN] Runtime exception occurred while executing command:

System.Management.Automation.ParseException: At line:1 char:38
+ .\test.ps1 id(8316_2)_subject(129563 jgl)_date(tue, 13 sep 2022 08_46 …
+                                      ~~~
Unexpected token 'jgl' in expression or statement.

At line:1 char:37
+ .\test.ps1 id(8316_2)_subject(129563 jgl)_date(tue, 13 sep 2022 08_46 …
+                                     ~
Missing closing ')' in expression.

At line:1 char:41
+ .\test.ps1 id(8316_2)_subject(129563 jgl)_date(tue, 13 sep 2022 08_46 …
+                                         ~
Unexpected token ')' in expression or statement.

At line:1 char:51
+ .\test.ps1 id(8316_2)_subject(129563 jgl)_date(tue, 13 sep 2022 08_46 …
+                                                   ~
Missing argument in parameter list.
   at System.Management.Automation.Runspaces.PipelineBase.Invoke(IEnumerable input)
   at System.Management.Automation.PowerShell.Worker.ConstructPipelineAndDoWork(Runspace rs, Boolean performSyncInvoke)
   at System.Management.Automation.PowerShell.Worker.CreateRunspaceIfNeededAndDoWork(Runspace rsToUse, Boolean isSync)
   at System.Management.Automation.PowerShell.CoreInvokeHelper[TInput,TOutput](PSDataCollection`1 input, PSDataCollection`1 output, PSInvocationSettings settings)
   at System.Management.Automation.PowerShell.CoreInvoke[TInput,TOutput](PSDataCollection`1 input, PSDataCollection`1 output, PSInvocationSettings settings)
   at System.Management.Automation.PowerShell.Invoke[T](IEnumerable input, PSInvocationSettings settings)
   at Microsoft.PowerShell.EditorServices.Services.PowerShell.Utility.PowerShellExtensions.InvokeAndClear[TResult](PowerShell pwsh, PSInvocationSettings invocationSettings) in D:\a\_work\1\s\src\PowerShellEditorServices\Services\PowerShell\Utility\PowerShellExtensions.cs:line 82
   at Microsoft.PowerShell.EditorServices.Services.PowerShell.Execution.SynchronousPowerShellTask`1.ExecuteNormally(CancellationToken cancellationToken) in D:\a\_work\1\s\src\PowerShellEditorServices\Services\PowerShell\Execution\SynchronousPowerShellTask.cs:line 180
