3/13/2023 9:42:16 AM [NORMAL] - Visual Studio Code v1.76.1 64-bit
3/13/2023 9:42:16 AM [NORMAL] - PowerShell Extension v2023.2.1
3/13/2023 9:42:20 AM [NORMAL] - pwsh.exe started.
3/13/2023 9:42:20 AM [NORMAL] - Waiting for session file...
3/13/2023 9:42:19 AM [NORMAL] - Language server starting --
3/13/2023 9:42:19 AM [NORMAL] -     PowerShell executable: C:\Program Files\PowerShell\7\pwsh.exe
3/13/2023 9:42:19 AM [NORMAL] -     PowerShell args: -NoProfile -ExecutionPolicy Bypass -Command Import-Module 'c:\Users\Zach\.vscode\extensions\ms-vscode.powershell-2023.2.1\modules\PowerShellEditorServices\PowerShellEditorServices.psd1'; Start-EditorServices -HostName 'Visual Studio Code Host' -HostProfileId 'Microsoft.VSCode' -HostVersion '2023.2.1' -AdditionalModules @('PowerShellEditorServices.VSCode') -BundledModulesPath 'c:\Users\Zach\.vscode\extensions\ms-vscode.powershell-2023.2.1\modules' -EnableConsoleRepl -StartupBanner "PowerShell Extension v2023.2.1
Copyright (c) Microsoft Corporation.

https://aka.ms/vscode-powershell
Type 'help' to get help.
" -LogLevel 'Normal' -LogPath 'c:\Users\Zach\AppData\Roaming\Code\User\globalStorage\ms-vscode.powershell\logs\1678718535-81f164cc-1078-4fb6-aad2-54d98cb89ef71678718531110\EditorServices.log' -SessionDetailsPath 'c:\Users\Zach\AppData\Roaming\Code\User\globalStorage\ms-vscode.powershell\sessions\PSES-VSCode-27748-624373.json' -FeatureFlags @() 
3/13/2023 9:42:19 AM [NORMAL] -     PowerShell Editor Services args: Import-Module 'c:\Users\Zach\.vscode\extensions\ms-vscode.powershell-2023.2.1\modules\PowerShellEditorServices\PowerShellEditorServices.psd1'; Start-EditorServices -HostName 'Visual Studio Code Host' -HostProfileId 'Microsoft.VSCode' -HostVersion '2023.2.1' -AdditionalModules @('PowerShellEditorServices.VSCode') -BundledModulesPath 'c:\Users\Zach\.vscode\extensions\ms-vscode.powershell-2023.2.1\modules' -EnableConsoleRepl -StartupBanner "PowerShell Extension v2023.2.1
Copyright (c) Microsoft Corporation.

https://aka.ms/vscode-powershell
Type 'help' to get help.
" -LogLevel 'Normal' -LogPath 'c:\Users\Zach\AppData\Roaming\Code\User\globalStorage\ms-vscode.powershell\logs\1678718535-81f164cc-1078-4fb6-aad2-54d98cb89ef71678718531110\EditorServices.log' -SessionDetailsPath 'c:\Users\Zach\AppData\Roaming\Code\User\globalStorage\ms-vscode.powershell\sessions\PSES-VSCode-27748-624373.json' -FeatureFlags @() 
3/13/2023 9:42:16 AM [NORMAL] - Operating System: Windows 64-bit
3/13/2023 9:42:27 AM [NORMAL] - Session file found!
3/13/2023 9:42:27 AM [NORMAL] - pwsh.exe PID: 23740
3/13/2023 9:42:27 AM [NORMAL] - Language server started.
3/13/2023 9:42:27 AM [NORMAL] - Connecting to language service on pipe: \\.\pipe\PSES_d23v5mkq.cw5
3/13/2023 9:42:27 AM [NORMAL] - Session details: {"status":"started","languageServiceTransport":"NamedPipe","languageServicePipeName":"\\\\.\\pipe\\PSES_d23v5mkq.cw5","debugServiceTransport":"NamedPipe","debugServicePipeName":"\\\\.\\pipe\\PSES_te1yys3z.zvi"}
3/13/2023 9:42:27 AM [NORMAL] - Language service socket connected.
