2023-01-09 11:20:02 a.m. [NORMAL] - Visual Studio Code v1.74.2 64-bit
2023-01-09 11:20:02 a.m. [NORMAL] - PowerShell Extension v2022.12.1
2023-01-09 11:20:02 a.m. [NORMAL] - Operating System: Windows 64-bit
2023-01-09 11:20:06 a.m. [NORMAL] - Language server starting --
2023-01-09 11:20:06 a.m. [NORMAL] -     PowerShell executable: C:\Program Files\PowerShell\7\pwsh.exe
2023-01-09 11:20:06 a.m. [NORMAL] -     PowerShell args: -NoProfile -ExecutionPolicy Bypass -Command Import-Module 'c:\Users\Zach\.vscode\extensions\ms-vscode.powershell-2022.12.1\modules\PowerShellEditorServices\PowerShellEditorServices.psd1'; Start-EditorServices -HostName 'Visual Studio Code Host' -HostProfileId 'Microsoft.VSCode' -HostVersion '2022.12.1' -AdditionalModules @('PowerShellEditorServices.VSCode') -BundledModulesPath 'c:\Users\Zach\.vscode\extensions\ms-vscode.powershell-2022.12.1\modules' -EnableConsoleRepl -StartupBanner "PowerShell Extension v2022.12.1
Copyright (c) Microsoft Corporation.

https://aka.ms/vscode-powershell
Type 'help' to get help.
" -LogLevel 'Normal' -LogPath 'c:\Users\Zach\AppData\Roaming\Code\User\globalStorage\ms-vscode.powershell\logs\1673284801-c19f29b9-d046-4035-bb82-b5fc868123401673284798528\EditorServices.log' -SessionDetailsPath 'c:\Users\Zach\AppData\Roaming\Code\User\globalStorage\ms-vscode.powershell\sessions\PSES-VSCode-33756-194430.json' -FeatureFlags @() 
2023-01-09 11:20:06 a.m. [NORMAL] -     PowerShell Editor Services args: Import-Module 'c:\Users\Zach\.vscode\extensions\ms-vscode.powershell-2022.12.1\modules\PowerShellEditorServices\PowerShellEditorServices.psd1'; Start-EditorServices -HostName 'Visual Studio Code Host' -HostProfileId 'Microsoft.VSCode' -HostVersion '2022.12.1' -AdditionalModules @('PowerShellEditorServices.VSCode') -BundledModulesPath 'c:\Users\Zach\.vscode\extensions\ms-vscode.powershell-2022.12.1\modules' -EnableConsoleRepl -StartupBanner "PowerShell Extension v2022.12.1
Copyright (c) Microsoft Corporation.

https://aka.ms/vscode-powershell
Type 'help' to get help.
" -LogLevel 'Normal' -LogPath 'c:\Users\Zach\AppData\Roaming\Code\User\globalStorage\ms-vscode.powershell\logs\1673284801-c19f29b9-d046-4035-bb82-b5fc868123401673284798528\EditorServices.log' -SessionDetailsPath 'c:\Users\Zach\AppData\Roaming\Code\User\globalStorage\ms-vscode.powershell\sessions\PSES-VSCode-33756-194430.json' -FeatureFlags @() 
2023-01-09 11:20:10 a.m. [NORMAL] - Session file found!
2023-01-09 11:20:07 a.m. [NORMAL] - pwsh.exe started.
2023-01-09 11:20:10 a.m. [NORMAL] - pwsh.exe PID: 10056
2023-01-09 11:20:07 a.m. [NORMAL] - Waiting for session file...
2023-01-09 11:20:10 a.m. [NORMAL] - Language server started.
2023-01-09 11:20:10 a.m. [NORMAL] - Connecting to language service on pipe: \\.\pipe\PSES_vdcovvrv.3xb
2023-01-09 11:20:10 a.m. [NORMAL] - Session details: {"status":"started","languageServiceTransport":"NamedPipe","languageServicePipeName":"\\\\.\\pipe\\PSES_vdcovvrv.3xb","debugServiceTransport":"NamedPipe","debugServicePipeName":"\\\\.\\pipe\\PSES_mlp3xamv.eol"}
2023-01-09 11:20:10 a.m. [NORMAL] - Language service socket connected.
