2023-01-23 9:50:23 a.m. [NORMAL] - Visual Studio Code v1.74.3 64-bit
2023-01-23 9:50:23 a.m. [NORMAL] - Language server starting --
2023-01-23 9:50:23 a.m. [NORMAL] -     PowerShell executable: C:\Program Files\PowerShell\7\pwsh.exe
2023-01-23 9:50:23 a.m. [NORMAL] - PowerShell Extension v2023.1.0
2023-01-23 9:50:23 a.m. [NORMAL] -     PowerShell args: -NoProfile -ExecutionPolicy Bypass -Command Import-Module 'c:\Users\Zach\.vscode\extensions\ms-vscode.powershell-2023.1.0\modules\PowerShellEditorServices\PowerShellEditorServices.psd1'; Start-EditorServices -HostName 'Visual Studio Code Host' -HostProfileId 'Microsoft.VSCode' -HostVersion '2023.1.0' -AdditionalModules @('PowerShellEditorServices.VSCode') -BundledModulesPath 'c:\Users\Zach\.vscode\extensions\ms-vscode.powershell-2023.1.0\modules' -EnableConsoleRepl -StartupBanner "PowerShell Extension v2023.1.0
Copyright (c) Microsoft Corporation.

https://aka.ms/vscode-powershell
Type 'help' to get help.
" -LogLevel 'Normal' -LogPath 'c:\Users\Zach\AppData\Roaming\Code\User\globalStorage\ms-vscode.powershell\logs\1674489023-5b41e84d-ea0a-4565-82c1-f3ffca5383081674488998419\EditorServices.log' -SessionDetailsPath 'c:\Users\Zach\AppData\Roaming\Code\User\globalStorage\ms-vscode.powershell\sessions\PSES-VSCode-3408-651519.json' -FeatureFlags @() 
2023-01-23 9:50:23 a.m. [NORMAL] - Operating System: Windows 64-bit
2023-01-23 9:50:23 a.m. [NORMAL] -     PowerShell Editor Services args: Import-Module 'c:\Users\Zach\.vscode\extensions\ms-vscode.powershell-2023.1.0\modules\PowerShellEditorServices\PowerShellEditorServices.psd1'; Start-EditorServices -HostName 'Visual Studio Code Host' -HostProfileId 'Microsoft.VSCode' -HostVersion '2023.1.0' -AdditionalModules @('PowerShellEditorServices.VSCode') -BundledModulesPath 'c:\Users\Zach\.vscode\extensions\ms-vscode.powershell-2023.1.0\modules' -EnableConsoleRepl -StartupBanner "PowerShell Extension v2023.1.0
Copyright (c) Microsoft Corporation.

https://aka.ms/vscode-powershell
Type 'help' to get help.
" -LogLevel 'Normal' -LogPath 'c:\Users\Zach\AppData\Roaming\Code\User\globalStorage\ms-vscode.powershell\logs\1674489023-5b41e84d-ea0a-4565-82c1-f3ffca5383081674488998419\EditorServices.log' -SessionDetailsPath 'c:\Users\Zach\AppData\Roaming\Code\User\globalStorage\ms-vscode.powershell\sessions\PSES-VSCode-3408-651519.json' -FeatureFlags @() 
2023-01-23 9:50:23 a.m. [NORMAL] - pwsh.exe started.
2023-01-23 9:50:23 a.m. [NORMAL] - Waiting for session file...
2023-01-23 9:50:25 a.m. [NORMAL] - Session file found!
2023-01-23 9:50:25 a.m. [NORMAL] - pwsh.exe PID: 22684
2023-01-23 9:50:25 a.m. [NORMAL] - Language server started.
2023-01-23 9:50:25 a.m. [NORMAL] - Connecting to language service on pipe: \\.\pipe\PSES_hzbgf2cj.lgv
2023-01-23 9:50:25 a.m. [NORMAL] - Session details: {"status":"started","languageServiceTransport":"NamedPipe","languageServicePipeName":"\\\\.\\pipe\\PSES_hzbgf2cj.lgv","debugServiceTransport":"NamedPipe","debugServicePipeName":"\\\\.\\pipe\\PSES_d5h2kvp0.eof"}
2023-01-23 9:50:25 a.m. [NORMAL] - Language service socket connected.
